Add Component: Footprint Not Found CAPC3216X170N
Add Component: Footprint Not Found CAPC3216X170N
Add Component: Footprint Not Found CAPC3216X170N
Add Component: Footprint Not Found CAPC3216X170N
Add Component: Footprint Not Found CAPC3216X170N
Add Component: Footprint Not Found RES_ERJU08J154V
Add Component: Footprint Not Found RES_ERJU08J154V
Add Component: Footprint Not Found Switch
Add Pin To Net: Unknown Pin: Pin C21-1
Add Pin To Net: Unknown Pin: Pin C21-2
Add Pin To Net: Unknown Pin: Pin C22-1
Add Pin To Net: Unknown Pin: Pin C22-2
Add Pin To Net: Unknown Pin: Pin C23-1
Add Pin To Net: Unknown Pin: Pin C23-2
Add Pin To Net: Unknown Pin: Pin C24-1
Add Pin To Net: Unknown Pin: Pin C24-2
Add Pin To Net: Unknown Pin: Pin C25-1
Add Pin To Net: Unknown Pin: Pin C25-2
Add Pin To Net: Unknown Pin: Pin R21-1
Add Pin To Net: Unknown Pin: Pin R21-2
Add Pin To Net: Unknown Pin: Pin R41-1
Add Pin To Net: Unknown Pin: Pin R41-2
Add Pin To Net: Unknown Pin: Pin T11-1
Add Pin To Net: Unknown Pin: Pin T11-2
Add Class Member: Failed to add class member : Component C21 100n
Add Class Member: Failed to add class member : Component C22 100n
Add Class Member: Failed to add class member : Component C23 100n
Add Class Member: Failed to add class member : Component C24 100n
Add Class Member: Failed to add class member : Component C25 1u
Add Class Member: Failed to add class member : Component R21 10k
Add Class Member: Failed to add class member : Component R41 0R
Add Class Member: Failed to add class member : Component T11 Toggel Switch
