Added Component: Designator=U?(QFP80P900X900X120-32N)
Add component (AddParameter): Name = "Check_prices"; Value = "https://www.snapeda.com/parts/ATMEGA328P-AU/Microchip/view-part/?ref=eda"; VariantName = "[No Variations]"
Add component (AddParameter): Name = "MF"; Value = "Microchip Technology"; VariantName = "[No Variations]"
Add component (AddParameter): Name = "MP"; Value = "ATMEGA328P-AU"; VariantName = "[No Variations]"
Add component (AddParameter): Name = "Package"; Value = "TQFP-32 Microchip"; VariantName = "[No Variations]"
Add component (AddParameter): Name = "SnapEDA_Link"; Value = "https://www.snapeda.com/parts/ATMEGA328P-AU/Microchip/view-part/?ref=snap"; VariantName = "[No Variations]"
Add component (AddParameter): Name = "Value"; Value = ""; VariantName = "[No Variations]"
Added Pin To Net: NetName=OUTPUT_BLUE Pin=U?-1
Added Pin To Net: NetName=GND Pin=U?-3
Added Pin To Net: NetName=VCC Pin=U?-4
Added Pin To Net: NetName=GND Pin=U?-5
Added Pin To Net: NetName=VCC Pin=U?-6
Added Pin To Net: NetName=XTAL1 Pin=U?-7
Added Pin To Net: NetName=XTAL2 Pin=U?-8
Added Pin To Net: NetName=OUTPUT_GREEN Pin=U?-9
Added Pin To Net: NetName=OUTPUT_RED Pin=U?-10
Added Pin To Net: NetName=SD CS Pin=U?-11
Added Pin To Net: NetName=RST_LCD Pin=U?-12
Added Pin To Net: NetName=D/C Pin=U?-13
Added Pin To Net: NetName=LCD CS Pin=U?-14
Added Pin To Net: NetName=MOSI Pin=U?-15
Added Pin To Net: NetName=MISO Pin=U?-16
Added Pin To Net: NetName=SCK Pin=U?-17
Added Pin To Net: NetName=VCC Pin=U?-18
Added Pin To Net: NetName=VCC Pin=U?-20
Added Pin To Net: NetName=GND Pin=U?-21
Added Pin To Net: NetName=button_left Pin=U?-23
Added Pin To Net: NetName=button_up Pin=U?-24
Added Pin To Net: NetName=button_down Pin=U?-25
Added Pin To Net: NetName=button_right Pin=U?-26
Added Pin To Net: NetName=RST Pin=U?-29
Added Pin To Net: NetName=RX Pin=U?-30
Added Pin To Net: NetName=TX Pin=U?-31
Added Member To Class: ClassName=LED_Controller Member=Component U? ATMEGA328P-AU
